

	Журнал регистрации ошибок, импортирование файла F:\cad designs\RT-robot\18650 dual keystone-PN1048.STEP.

#2 969 Предупреждение: Тороидальная поверхность вырождена.
#6 264 Предупреждение: Тороидальная поверхность вырождена.
#6 601 Предупреждение: Тороидальная поверхность вырождена.
#6 715 Предупреждение: Тороидальная поверхность вырождена.
#7 115 Предупреждение: Тороидальная поверхность вырождена.
#11 942 Предупреждение: Тороидальная поверхность вырождена.
#17 036 Предупреждение: Тороидальная поверхность вырождена.
#17 348 Предупреждение: Тороидальная поверхность вырождена.
#32 619 Предупреждение: .
#20 104 Предупреждение: .
#11 589 Предупреждение: .
#22 678 Предупреждение: .
#23 339 Предупреждение: .
#31 032 Предупреждение: .
#31 190 Предупреждение: .
#30 410 Предупреждение: .
#31 421 Предупреждение: .
#14 990 Предупреждение: .
#15 984 Предупреждение: .
#13 854 Предупреждение: .
#2 321 Предупреждение: .
#797 Предупреждение: .
#32 126 Предупреждение: .
#33 392 Предупреждение: .
#8 717 Предупреждение: .
#8 695 Предупреждение: .
#2 185 Предупреждение: .
#10 257 Предупреждение: .
#7 576 Предупреждение: .
#14 772 Предупреждение: .
#31 908 Предупреждение: .
#7 188 Предупреждение: .
#11 166 Предупреждение: .
#27 587 Предупреждение: .
#33 717 Предупреждение: .
#20 345 Предупреждение: .
#18 292 Предупреждение: .
#211 Предупреждение: .
#33 044 Предупреждение: .
#33 204 Предупреждение: .
#11 319 Предупреждение: .
#16 138 Предупреждение: .
#1 746 Предупреждение: .
#31 464 Предупреждение: .
#17 284 Предупреждение: .
#24 522 Предупреждение: .
#31 690 Предупреждение: .
#29 300 Предупреждение: .
#23 667 Предупреждение: .
#15 471 Предупреждение: .
#31 515 Предупреждение: .
#19 145 Предупреждение: .
#8 213 Предупреждение: .
#30 857 Предупреждение: .
#23 841 Предупреждение: .
#5 082 Предупреждение: .
#20 966 Предупреждение: .
#3 026 Предупреждение: .
#24 598 Предупреждение: .
#32 318 Предупреждение: .
#21 195 Предупреждение: .
#5 030 Предупреждение: .
#20 225 Предупреждение: .
#2 289 Предупреждение: .
#25 352 Предупреждение: .
#2 166 Предупреждение: .
#17 259 Предупреждение: .
#29 786 Предупреждение: .
#8 817 Предупреждение: .
#2 080 Предупреждение: .
#18 091 Предупреждение: .
#31 006 Предупреждение: .
#6 062 Предупреждение: .
#29 341 Предупреждение: .
#9 666 Предупреждение: .
#8 462 Предупреждение: .
#17 479 Предупреждение: .
#17 653 Предупреждение: .
#31 931 Предупреждение: .
#22 561 Предупреждение: .
#33 379 Предупреждение: .
#26 832 Предупреждение: .
#14 151 Предупреждение: .
#6 915 Предупреждение: .
#15 910 Предупреждение: .
#26 709 Предупреждение: .
#7 029 Предупреждение: .
#18 172 Предупреждение: .
#32 467 Предупреждение: .
#25 154 Предупреждение: .
#11 696 Предупреждение: .
#16 328 Предупреждение: .
#28 857 Предупреждение: .
#9 915 Предупреждение: .
#17 645 Предупреждение: .
#23 907 Предупреждение: .
#23 752 Предупреждение: .
#5 841 Предупреждение: .
#20 146 Предупреждение: .
#455 Предупреждение: .
#9 477 Предупреждение: .
#13 990 Предупреждение: .
#30 935 Предупреждение: .
#11 089 Предупреждение: .
#27 144 Предупреждение: .
#25 301 Предупреждение: .
#345 Предупреждение: .
#23 189 Предупреждение: .
#16 019 Предупреждение: .
#13 932 Предупреждение: .
#24 866 Предупреждение: .
#5 170 Предупреждение: .
#22 967 Предупреждение: .
#3 435 Предупреждение: .
#19 461 Предупреждение: .
#17 635 Предупреждение: .
#4 732 Предупреждение: .
#31 537 Предупреждение: .
#16 076 Предупреждение: .
#28 613 Предупреждение: .
#7 811 Предупреждение: .
#18 576 Предупреждение: .
#11 330 Предупреждение: .
#10 333 Предупреждение: .
#13 697 Предупреждение: .
#28 000 Предупреждение: .
#16 292 Предупреждение: .
#30 572 Предупреждение: .
#1 112 Предупреждение: .
#10 095 Предупреждение: .
#28 973 Предупреждение: .
#11 034 Предупреждение: .
#29 524 Предупреждение: .
#13 326 Предупреждение: .
#28 536 Предупреждение: .
#30 137 Предупреждение: .
#23 004 Предупреждение: .
#3 307 Предупреждение: .
#25 569 Предупреждение: .
#9 384 Предупреждение: .
#1 217 Предупреждение: .
#15 465 Предупреждение: .
#1 864 Предупреждение: .
#10 842 Предупреждение: .
#9 769 Предупреждение: .
#20 555 Предупреждение: .
#8 165 Предупреждение: .
#24 203 Предупреждение: .
#15 663 Предупреждение: .
#24 705 Предупреждение: .
#2 326 Предупреждение: .
#17 292 Предупреждение: .
#23 619 Предупреждение: .
#2 274 Предупреждение: .
#27 360 Предупреждение: .
#5 911 Предупреждение: .
#7 126 Предупреждение: .
#16 118 Предупреждение: .
#30 506 Предупреждение: .
#6 020 Предупреждение: .
#6 894 Предупреждение: .
#28 187 Предупреждение: .
#3 734 Предупреждение: .
#18 914 Предупреждение: .
#20 522 Предупреждение: .
#2 588 Предупреждение: .
#16 879 Предупреждение: .
#24 133 Предупреждение: .
#10 408 Предупреждение: .
#22 960 Предупреждение: .
#23 142 Предупреждение: .
#33 911 Предупреждение: .
#13 026 Предупреждение: .
#22 054 Предупреждение: .
#20 456 Предупреждение: .
#2 530 Предупреждение: .
#31 835 Предупреждение: .
#13 901 Предупреждение: .
#4 318 Предупреждение: .
#15 063 Предупреждение: .
#27 617 Предупреждение: .
#18 663 Предупреждение: .
#26 405 Предупреждение: .
#15 724 Предупреждение: .
#24 755 Предупреждение: .
#3 379 Предупреждение: .
#26 381 Предупреждение: .
#11 955 Предупреждение: .
#26 231 Предупреждение: .
#8 287 Предупреждение: .
#6 473 Предупреждение: .
#15 462 Предупреждение: .
#26 256 Предупреждение: .
#4 807 Предупреждение: .
#19 082 Предупреждение: .
#29 857 Предупреждение: .
#3 620 Предупреждение: .
#9 831 Предупреждение: .
#26 786 Предупреждение: .
#10 574 Предупреждение: .
#26 631 Предупреждение: .
#21 234 Предупреждение: .
#1 549 Предупреждение: .
#10 534 Предупреждение: .
#20 051 Предупреждение: .
#23 633 Предупреждение: .
#4 885 Предупреждение: .
#1 094 Предупреждение: .
#1 020 Предупреждение: .
#32 119 Предупреждение: .
#10 654 Предупреждение: .
#23 358 Предупреждение: .
#5 416 Предупреждение: .
#29 107 Предупреждение: .
#9 429 Предупреждение: .
#31 641 Предупреждение: .
#18 961 Предупреждение: .
#22 503 Предупреждение: .
#33 279 Предупреждение: .
#32 801 Предупреждение: .
#14 848 Предупреждение: .
#13 019 Предупреждение: .
#32 827 Предупреждение: .
#11 538 Предупреждение: .
#22 312 Предупреждение: .
#25 963 Предупреждение: .
#4 528 Предупреждение: .
#21 320 Предупреждение: .
#24 680 Предупреждение: .
#4 992 Предупреждение: .
#17 421 Предупреждение: .
#30 821 Предупреждение: .
#14 629 Предупреждение: .
#32 436 Предупреждение: .
#31 435 Предупреждение: .
#15 249 Предупреждение: .
#31 279 Предупреждение: .
#28 373 Предупреждение: .
#13 741 Предупреждение: .
#31 526 Предупреждение: .
#14 352 Предупреждение: .
#10 677 Предупреждение: .
#8 864 Предупреждение: .
#29 475 Предупреждение: .
#9 788 Предупреждение: .
#25 834 Предупреждение: .
#33 018 Предупреждение: .
#9 814 Предупреждение: .
#22 353 Предупреждение: .
#19 492 Предупреждение: .
#32 087 Предупреждение: .
#25 779 Предупреждение: .
#7 843 Предупреждение: .
#27 565 Предупреждение: .
#6 114 Предупреждение: .
#29 393 Предупреждение: .
#4 920 Предупреждение: .
#0 Предупреждение: Некорректная грань не была добавлена в оболочку.
